[debug] [2019-11-08T19:26:03.545Z] ----------------------------------------------------------------------
[debug] [2019-11-08T19:26:03.548Z] Command:       /usr/bin/node /usr/local/bin/firebase deploy
[debug] [2019-11-08T19:26:03.548Z] CLI Version:   7.6.1
[debug] [2019-11-08T19:26:03.548Z] Platform:      linux
[debug] [2019-11-08T19:26:03.549Z] Node Version:  v10.15.2
[debug] [2019-11-08T19:26:03.549Z] Time:          Fri Nov 08 2019 21:26:03 GMT+0200 (Eastern European Standard Time)
[debug] [2019-11-08T19:26:03.549Z] ----------------------------------------------------------------------
[debug] [2019-11-08T19:26:03.549Z] 
[debug] [2019-11-08T19:26:03.557Z] > command requires scopes: ["email","openid","https://www.googleapis.com/auth/cloudplatformprojects.readonly","https://www.googleapis.com/auth/firebase","https://www.googleapis.com/auth/cloud-platform"]
[debug] [2019-11-08T19:26:03.557Z] > authorizing via signed-in user
[debug] [2019-11-08T19:26:03.557Z] [iam] checking project sdcalculatorweb for permissions ["firebase.projects.get","firebasehosting.sites.update"]
[debug] [2019-11-08T19:26:03.559Z] > refreshing access token with scopes: ["email","https://www.googleapis.com/auth/cloud-platform","https://www.googleapis.com/auth/cloudplatformprojects.readonly","https://www.googleapis.com/auth/firebase","openid"]
[debug] [2019-11-08T19:26:03.559Z] >>> HTTP REQUEST POST https://www.googleapis.com/oauth2/v3/token  
 <request body omitted>
[debug] [2019-11-08T19:26:03.763Z] <<< HTTP RESPONSE 200
[debug] [2019-11-08T19:26:03.772Z] >>> HTTP REQUEST POST https://cloudresourcemanager.googleapis.com/v1/projects/sdcalculatorweb:testIamPermissions  

[debug] [2019-11-08T19:26:04.754Z] <<< HTTP RESPONSE 200
[debug] [2019-11-08T19:26:04.757Z] >>> HTTP REQUEST GET https://firebase.googleapis.com/v1beta1/projects/sdcalculatorweb  
 
[debug] [2019-11-08T19:26:34.914Z] Server Error. ESOCKETTIMEDOUT
[debug] [2019-11-08T19:28:29.154Z] FirebaseError: Server Error. ESOCKETTIMEDOUT
    at Request._callback (/usr/local/lib/node_modules/firebase-tools/lib/api.js:30:31)
    at self.callback (/usr/local/lib/node_modules/firebase-tools/node_modules/request/request.js:185:22)
    at Request.emit (events.js:189:13)
    at Request.EventEmitter.emit (domain.js:441:20)
    at ClientRequest.<anonymous> (/usr/local/lib/node_modules/firebase-tools/node_modules/request/request.js:819:16)
    at Object.onceWrapper (events.js:277:13)
    at ClientRequest.emit (events.js:189:13)
    at ClientRequest.EventEmitter.emit (domain.js:441:20)
    at TLSSocket.emitRequestTimeout (_http_client.js:662:40)
    at Object.onceWrapper (events.js:277:13)
[error] 
[error] Error: Failed to get Firebase project sdcalculatorweb. Please make sure the project exists and your account has permission to access it.
[debug] [2019-11-08T19:29:32.865Z] ----------------------------------------------------------------------
[debug] [2019-11-08T19:29:32.873Z] Command:       /usr/bin/node /usr/local/bin/firebase deploy
[debug] [2019-11-08T19:29:32.874Z] CLI Version:   7.6.1
[debug] [2019-11-08T19:29:32.874Z] Platform:      linux
[debug] [2019-11-08T19:29:32.874Z] Node Version:  v10.15.2
[debug] [2019-11-08T19:29:32.875Z] Time:          Fri Nov 08 2019 21:29:32 GMT+0200 (Eastern European Standard Time)
[debug] [2019-11-08T19:29:32.875Z] ----------------------------------------------------------------------
[debug] [2019-11-08T19:29:32.875Z] 
[debug] [2019-11-08T19:29:32.885Z] > command requires scopes: ["email","openid","https://www.googleapis.com/auth/cloudplatformprojects.readonly","https://www.googleapis.com/auth/firebase","https://www.googleapis.com/auth/cloud-platform"]
[debug] [2019-11-08T19:29:32.888Z] > authorizing via signed-in user
[debug] [2019-11-08T19:29:32.888Z] [iam] checking project sdcalculatorweb for permissions ["firebase.projects.get","firebasehosting.sites.update"]
[debug] [2019-11-08T19:29:32.890Z] >>> HTTP REQUEST POST https://cloudresourcemanager.googleapis.com/v1/projects/sdcalculatorweb:testIamPermissions  

[debug] [2019-11-08T19:30:58.701Z] <<< HTTP RESPONSE 200
[debug] [2019-11-08T19:30:58.704Z] >>> HTTP REQUEST GET https://firebase.googleapis.com/v1beta1/projects/sdcalculatorweb  
 
[debug] [2019-11-08T19:30:59.012Z] <<< HTTP RESPONSE 200
[info] 
[info] === Deploying to 'sdcalculatorweb'...
[info] 
[info] i  deploying hosting
[debug] [2019-11-08T19:30:59.018Z] >>> HTTP REQUEST POST https://firebasehosting.googleapis.com/v1beta1/sites/sdcalculatorweb/versions  

[debug] [2019-11-08T19:36:40.673Z] Error: read ECONNRESET
    at TLSWrap.onStreamRead (internal/stream_base_commons.js:111:27)
[error] 
[error] Error: Server Error. read ECONNRESET
